2025-12-10 00:00:00 [INFO] System startup initiated - build v2.4.1.
2025-12-10 00:15:23 [INFO] Configuration loaded from /etc/app/config.yaml.
2025-12-10 00:30:45 [INFO] Database connection pool initialized (size=100).
2025-12-10 00:45:12 [DEBUG] SSL certificates validated successfully.
2025-12-10 01:00:00 [INFO] Authentication service started on port 8443.
2025-12-10 01:15:34 [DEBUG] Cache warming completed - 15000 entries loaded.
2025-12-10 01:30:22 [INFO] User 'admin' logged in from 192.168.1.100.
2025-12-10 01:45:18 [DEBUG] Session token generated for user 'admin'.
2025-12-10 02:00:05 [INFO] Scheduled backup job started.
2025-12-10 02:15:43 [DEBUG] Backup progress: 25% complete.
2025-12-10 02:30:56 [DEBUG] Backup progress: 50% complete.
2025-12-10 02:45:32 [DEBUG] Backup progress: 75% complete.
2025-12-10 03:00:18 [INFO] Scheduled backup completed successfully (2.1 GB).
2025-12-10 03:15:44 [INFO] User 'sarah_jones' logged in from 10.50.2.45.
2025-12-10 03:30:29 [DEBUG] API request to /api/v1/products processed (45ms).
2025-12-10 03:45:15 [INFO] User 'mike_chen' logged in from 172.20.1.88.
2025-12-10 04:00:33 [WARN] High memory usage detected (82%).
2025-12-10 04:15:21 [DEBUG] Garbage collection triggered.
2025-12-10 04:30:47 [DEBUG] Memory usage reduced to 64%.
2025-12-10 04:45:09 [INFO] Health check passed for all services.
2025-12-10 05:00:00 [DEBUG] Cron job executed: cleanup_temp_files.
2025-12-10 05:15:28 [INFO] Temporary files cleaned (842 MB freed).
2025-12-10 05:30:41 [DEBUG] Database query optimization applied.
2025-12-10 05:45:19 [INFO] User 'admin' logged out.
2025-12-10 06:00:52 [INFO] User 'alice_kumar' logged in from 192.168.5.23.
2025-12-10 06:15:37 [DEBUG] Loading user preferences for 'alice_kumar'.
2025-12-10 06:30:14 [WARN] Slow database query detected (2400ms) - query_id: q_8x9z.
2025-12-10 06:45:26 [DEBUG] Query optimization suggested for table 'orders'.
2025-12-10 07:00:08 [ERROR] Failed to connect to external API: timeout after 30s.
2025-12-10 07:15:33 [DEBUG] Retry attempt 1/3 for external API connection.
2025-12-10 07:30:45 [INFO] External API connection established successfully.
2025-12-10 07:45:11 [DEBUG] Data synchronization started with external service.
2025-12-10 08:00:29 [INFO] Data synchronization completed (5000 records updated).
2025-12-10 08:15:52 [INFO] User 'david_nguyen' logged in from 10.10.10.55.
2025-12-10 08:30:17 [DEBUG] Processing batch job: invoice_generation.
2025-12-10 08:45:38 [DEBUG] Batch job progress: 40% complete.
2025-12-10 09:00:44 [INFO] Batch job completed: 1250 invoices generated.
2025-12-10 09:15:21 [WARN] Disk space usage at 78% on volume /data.
2025-12-10 09:30:09 [DEBUG] Disk cleanup scheduler activated.
2025-12-10 09:45:55 [INFO] Old log files archived (3.2 GB freed).
2025-12-10 10:00:00 [INFO] Daily report generation started.
2025-12-10 10:15:28 [DEBUG] Aggregating data from 8 database shards.
2025-12-10 10:30:47 [DEBUG] Report generation: processing analytics data.
2025-12-10 10:45:19 [INFO] Daily report published to dashboard.
2025-12-10 11:00:36 [INFO] User 'emma_taylor' logged in from 192.168.8.12.
2025-12-10 11:15:42 [DEBUG] Cache hit ratio: 94.5%.
2025-12-10 11:30:18 [WARN] Connection pool near capacity (92/100 connections).
2025-12-10 11:45:33 [DEBUG] Connection pool expanded to size=120.
2025-12-10 12:00:00 [INFO] System health check: all services operational.
2025-12-10 12:15:29 [DEBUG] Active users: 487, Active sessions: 512.
2025-12-10 12:30:44 [INFO] User 'frank_wilson' logged in from 172.18.4.90.
2025-12-10 12:45:16 [ERROR] Payment gateway returned error code 502.
2025-12-10 13:00:38 [WARN] Payment processing delayed - queued for retry.
2025-12-10 13:15:52 [INFO] Payment retry successful - transaction_id: tx_9k2m.
2025-12-10 13:30:27 [DEBUG] Email notification sent to customer.
2025-12-10 13:45:09 [INFO] User 'grace_liu' logged in from 10.100.5.77.
2025-12-10 14:00:21 [DEBUG] Loading dashboard widgets for user 'grace_liu'.
2025-12-10 14:15:48 [WARN] API rate limit approaching for client_id: c_445x.
2025-12-10 14:30:35 [DEBUG] Rate limit reset scheduled in 15 minutes.
2025-12-10 14:45:13 [INFO] Deployment started: application version 2.4.2.
2025-12-10 15:00:56 [DEBUG] Rolling update initiated - taking down node-1.
2025-12-10 15:15:41 [DEBUG] Node-1 updated and restarted successfully.
2025-12-10 15:30:19 [DEBUG] Rolling update - taking down node-2.
2025-12-10 15:45:37 [INFO] Deployment completed successfully - all nodes updated.
2025-12-10 16:00:00 [INFO] Post-deployment health check passed.
2025-12-10 16:15:24 [DEBUG] Application version 2.4.2 is now live.
2025-12-10 16:30:49 [INFO] User 'henry_park' logged in from 192.168.12.34.
2025-12-10 16:45:11 [DEBUG] Feature flag enabled: new_checkout_flow.
2025-12-10 17:00:33 [WARN] Elevated error rate detected (2.3%).
2025-12-10 17:15:47 [DEBUG] Error analysis: 80% client-side validation errors.
2025-12-10 17:30:22 [INFO] Error rate normalized (0.8%).
2025-12-10 17:45:08 [DEBUG] Monitoring alert cleared.
2025-12-10 18:00:00 [INFO] Evening backup job started.
2025-12-10 18:15:36 [DEBUG] Incremental backup in progress.
2025-12-10 18:30:52 [INFO] Evening backup completed (450 MB).
2025-12-10 18:45:27 [INFO] User 'isabel_martinez' logged in from 10.25.8.99.
2025-12-10 19:00:14 [DEBUG] Session activity logged for compliance.
2025-12-10 19:15:43 [WARN] Unusual login pattern detected for user 'test_user'.
2025-12-10 19:30:58 [DEBUG] Security scan initiated for user 'test_user'.
2025-12-10 19:45:31 [INFO] Security scan completed - no threats detected.
2025-12-10 20:00:00 [INFO] Database maintenance window started.
2025-12-10 20:15:19 [DEBUG] Running VACUUM on table 'transactions'.
2025-12-10 20:30:45 [DEBUG] Rebuilding indexes on table 'user_sessions'.
2025-12-10 20:45:28 [INFO] Database maintenance completed successfully.
2025-12-10 21:00:11 [DEBUG] Performance metrics: avg response time 85ms.
2025-12-10 21:15:37 [INFO] User 'jack_anderson' logged in from 172.22.9.101.
2025-12-10 21:30:52 [DEBUG] Preparing daily summary email.
2025-12-10 21:45:24 [INFO] Daily summary email sent to 1250 subscribers.
2025-12-10 22:00:00 [INFO] Night shift monitoring activated.
2025-12-10 22:15:48 [DEBUG] System resource usage: CPU 45%, RAM 62%.
2025-12-10 22:30:33 [DEBUG] Network throughput: 245 Mbps.
2025-12-10 22:45:16 [INFO] All systems nominal.
2025-12-10 23:00:00 [DEBUG] Hourly metrics logged to analytics database.
2025-12-10 23:15:29 [INFO] User 'kelly_wright' logged in from 192.168.20.50.
2025-12-10 23:30:44 [DEBUG] Late-night batch processing queued.
2025-12-10 23:45:18 [INFO] Day end summary: 15,847 transactions processed.

2025-12-11 00:00:00 [INFO] New day initialized - date: 2025-12-11.
2025-12-11 00:30:25 [DEBUG] Overnight cleanup jobs scheduled.
2025-12-11 01:00:47 [INFO] Cache refresh completed.
2025-12-11 01:30:13 [DEBUG] Checking for system updates.
2025-12-11 02:00:00 [INFO] Automated backup started.
2025-12-11 02:30:36 [DEBUG] Backup progress: 60% complete.
2025-12-11 03:00:52 [INFO] Automated backup completed (2.3 GB).
2025-12-11 03:30:18 [WARN] Memory leak detected in module 'image_processor'.
2025-12-11 04:00:41 [ERROR] Module 'image_processor' crashed - restarting.
2025-12-11 04:15:27 [INFO] Module 'image_processor' restarted successfully.
2025-12-11 04:30:09 [DEBUG] Memory monitoring increased for 'image_processor'.
2025-12-11 05:00:00 [INFO] Morning services initialization started.
2025-12-11 05:30:34 [DEBUG] Loading business rules engine.
2025-12-11 06:00:48 [INFO] Business rules engine ready.
2025-12-11 06:30:21 [INFO] User 'admin' logged in from 192.168.1.100.
2025-12-11 07:00:15 [DEBUG] Morning report generation started.
2025-12-11 07:30:42 [INFO] Morning report completed.
2025-12-11 08:00:00 [INFO] Peak hours monitoring activated.
2025-12-11 08:30:28 [WARN] Traffic spike detected - 850 req/sec.
2025-12-11 09:00:51 [DEBUG] Auto-scaling triggered - adding 2 instances.
2025-12-11 09:30:17 [INFO] Auto-scaling completed - now running 12 instances.
2025-12-11 10:00:33 [DEBUG] Load balanced across all instances.
2025-12-11 10:30:46 [INFO] User 'laura_garcia' logged in from 10.50.15.82.
2025-12-11 11:00:19 [DEBUG] Processing large file upload (125 MB).
2025-12-11 11:30:44 [INFO] File upload completed successfully.
2025-12-11 12:00:00 [INFO] Midday system check - all green.
2025-12-11 12:30:27 [DEBUG] Database replication lag: 0.5 seconds.
2025-12-11 13:00:52 [WARN] Replication lag increased to 3.2 seconds.
2025-12-11 13:30:18 [ERROR] Replication stopped - connection lost to replica-2.
2025-12-11 14:00:41 [INFO] Replication connection restored.
2025-12-11 14:30:09 [DEBUG] Replication catch-up in progress.
2025-12-11 15:00:35 [INFO] Replication fully synchronized.
2025-12-11 15:30:23 [INFO] User 'mark_johnson' logged in from 172.30.7.66.
2025-12-11 16:00:48 [DEBUG] Preparing weekly analytics report.
2025-12-11 16:30:14 [DEBUG] Analytics data aggregated from 7 days.
2025-12-11 17:00:37 [INFO] Weekly analytics report generated.
2025-12-11 17:30:51 [WARN] SSL certificate expiring in 30 days.
2025-12-11 18:00:22 [DEBUG] Certificate renewal process initiated.
2025-12-11 18:30:45 [INFO] SSL certificate renewed successfully.
2025-12-11 19:00:11 [DEBUG] New certificate deployed to all nodes.
2025-12-11 19:30:38 [INFO] User 'nancy_kim' logged in from 192.168.25.111.
2025-12-11 20:00:00 [INFO] Evening maintenance started.
2025-12-11 20:30:29 [DEBUG] Optimizing database queries.
2025-12-11 21:00:54 [INFO] Query optimization completed.
2025-12-11 21:30:20 [DEBUG] Running integrity checks.
2025-12-11 22:00:46 [INFO] All integrity checks passed.
2025-12-11 22:30:12 [INFO] User 'oliver_brown' logged in from 10.75.12.44.
2025-12-11 23:00:00 [DEBUG] End of day metrics collection.
2025-12-11 23:30:35 [INFO] Daily metrics stored successfully.

2025-12-12 00:00:00 [INFO] System date rollover completed.
2025-12-12 01:00:42 [DEBUG] Night batch processing started.
2025-12-12 02:00:18 [INFO] Night batch processing completed.
2025-12-12 03:00:00 [INFO] Scheduled backup job started.
2025-12-12 03:45:33 [INFO] Scheduled backup completed (2.4 GB).
2025-12-12 04:30:27 [WARN] High CPU usage detected on node-5 (91%).
2025-12-12 05:00:51 [DEBUG] Investigating high CPU on node-5.
2025-12-12 05:30:16 [ERROR] Runaway process detected - PID 8742.
2025-12-12 06:00:42 [INFO] Process terminated - CPU normalized.
2025-12-12 06:30:09 [DEBUG] Root cause: infinite loop in scheduled task.
2025-12-12 07:00:00 [INFO] User 'paula_davis' logged in from 172.40.3.77.
2025-12-12 07:30:35 [DEBUG] Loading user dashboard.
2025-12-12 08:00:48 [INFO] Dashboard loaded successfully.
2025-12-12 08:30:21 [WARN] Database connection timeout (5000ms).
2025-12-12 09:00:14 [ERROR] Failed to execute query - connection lost.
2025-12-12 09:30:46 [INFO] Database connection re-established.
2025-12-12 10:00:19 [DEBUG] Query retry successful.
2025-12-12 10:30:52 [INFO] User 'quinn_miller' logged in from 10.90.8.55.
2025-12-12 11:00:25 [DEBUG] Processing payment batch (500 transactions).
2025-12-12 11:30:41 [INFO] Payment batch completed successfully.
2025-12-12 12:00:00 [INFO] Lunch hour traffic monitoring active.
2025-12-12 12:30:33 [DEBUG] Current load: 450 concurrent users.
2025-12-12 13:00:58 [WARN] Cache miss rate elevated (15%).
2025-12-12 13:30:22 [DEBUG] Cache warming initiated.
2025-12-12 14:00:47 [INFO] Cache performance restored.
2025-12-12 14:30:11 [INFO] User 'rachel_wilson' logged in from 192.168.30.88.
2025-12-12 15:00:36 [DEBUG] Generating monthly invoice for customer c_889x.
2025-12-12 15:30:49 [INFO] Monthly invoice generated and emailed.
2025-12-12 16:00:23 [WARN] API endpoint '/api/v1/legacy' deprecated.
2025-12-12 16:30:55 [DEBUG] Logging deprecated API usage for monitoring.
2025-12-12 17:00:18 [INFO] User 'steve_clark' logged in from 172.50.11.92.
2025-12-12 17:30:44 [DEBUG] User preference update detected.
2025-12-12 18:00:27 [INFO] User preferences saved successfully.
2025-12-12 18:30:51 [DEBUG] Session extended for user 'steve_clark'.
2025-12-12 19:00:00 [INFO] Evening backup initiated.
2025-12-12 19:45:39 [INFO] Evening backup completed (520 MB).
2025-12-12 20:30:15 [WARN] Slow response time from CDN (1800ms).
2025-12-12 21:00:42 [DEBUG] CDN performance monitoring enabled.
2025-12-12 21:30:28 [INFO] CDN performance normalized.
2025-12-12 22:00:00 [INFO] Night shift handover completed.
2025-12-12 22:30:37 [DEBUG] System status: stable.
2025-12-12 23:00:53 [INFO] User 'tina_rodriguez' logged in from 10.120.5.33.
2025-12-12 23:30:19 [DEBUG] Late session activity logged.

2025-12-13 00:00:00 [INFO] Daily rollover completed.
2025-12-13 00:45:26 [DEBUG] Cleanup job running.
2025-12-13 01:30:52 [INFO] Cleanup completed - 1.8 GB freed.
2025-12-13 02:00:00 [INFO] Scheduled backup started.
2025-12-13 02:50:38 [INFO] Backup completed successfully.
2025-12-13 03:15:44 [WARN] Unusual network activity detected.
2025-12-13 03:30:29 [ERROR] Possible DDoS attack - 5000 req/sec from 50 IPs.
2025-12-13 03:45:17 [CRITICAL] DDoS mitigation activated - rate limiting enabled.
2025-12-13 03:52:34 [FATAL] Database master node unresponsive - complete system outage.
2025-12-13 04:00:55 [INFO] Traffic normalized - attack mitigated.
2025-12-13 04:15:31 [DEBUG] Analyzing attack patterns.
2025-12-13 04:30:08 [INFO] Attack source IPs blocked at firewall level.
2025-12-13 05:00:00 [INFO] System recovery completed.
2025-12-13 05:30:47 [DEBUG] Security audit log generated.
2025-12-13 06:00:21 [INFO] User 'admin' logged in from 192.168.1.100.
2025-12-13 06:30:39 [DEBUG] Reviewing security incident reports.
2025-12-13 07:00:15 [WARN] Multiple failed login attempts for user 'root'.
2025-12-13 07:15:52 [ERROR] Account 'root' temporarily locked.
2025-12-13 07:30:28 [CRITICAL] SQL injection attempt blocked - IP: 45.67.89.12.
2025-12-13 08:00:44 [INFO] Security team notified of incidents.
2025-12-13 08:30:19 [DEBUG] Enhanced security monitoring enabled.
2025-12-13 09:00:00 [INFO] User 'uma_singh' logged in from 10.150.22.67.
2025-12-13 09:30:36 [DEBUG] Regular operations resumed.
2025-12-13 10:00:52 [INFO] Morning standup metrics prepared.
2025-12-13 10:30:27 [WARN] Disk I/O latency elevated (250ms avg).
2025-12-13 11:00:41 [DEBUG] Investigating disk performance.
2025-12-13 11:30:18 [ERROR] Disk hardware failure detected on node-3.
2025-12-13 12:00:54 [CRITICAL] Node-3 taken offline for maintenance.
2025-12-13 12:15:22 [FATAL] Backup system failure - data loss risk detected.
2025-12-13 12:30:29 [INFO] Traffic redirected to remaining nodes.
2025-12-13 13:00:00 [DEBUG] Hardware replacement in progress.
2025-12-13 13:45:37 [INFO] New disk installed on node-3.
2025-12-13 14:30:22 [DEBUG] Data restoration started on node-3.
2025-12-13 15:15:48 [INFO] Node-3 data restored from backup.
2025-12-13 16:00:13 [DEBUG] Node-3 rejoining cluster.
2025-12-13 16:45:39 [INFO] Node-3 back online - cluster healthy.
2025-12-13 17:30:00 [INFO] User 'victor_lee' logged in from 172.60.9.104.
2025-12-13 18:00:26 [DEBUG] System performance check - all nominal.
2025-12-13 18:30:51 [WARN] Memory usage trending up (79%).
2025-12-13 19:00:17 [DEBUG] Scheduling memory optimization.
2025-12-13 19:30:42 [INFO] Memory optimization completed.
2025-12-13 20:00:00 [INFO] Evening operations normal.
2025-12-13 20:30:35 [DEBUG] Preparing incident report.
2025-12-13 21:00:49 [INFO] Incident report filed - ticket #IR-2025-348.
2025-12-13 21:30:24 [INFO] User 'wendy_thomas' logged in from 10.180.14.89.
2025-12-13 22:00:00 [DEBUG] End of incident response phase.
2025-12-13 22:30:38 [INFO] System stabilized.
2025-12-13 23:00:53 [DEBUG] Daily summary prepared.
2025-12-13 23:30:19 [INFO] Incident lessons learned documented.

2025-12-14 00:00:00 [INFO] New day started - increased monitoring active.
2025-12-14 01:00:45 [DEBUG] Overnight health checks passing.
2025-12-14 02:00:31 [INFO] Scheduled backup running.
2025-12-14 02:55:17 [INFO] Backup completed (2.6 GB).
2025-12-14 03:30:00 [DEBUG] System metrics within normal range.
2025-12-14 04:00:42 [INFO] Early morning batch jobs started.
2025-12-14 04:45:28 [INFO] Batch jobs completed successfully.
2025-12-14 05:30:00 [DEBUG] Preparing for business hours.
2025-12-14 06:00:36 [INFO] User 'admin' logged in from 192.168.1.100.
2025-12-14 06:30:52 [DEBUG] Daily system review started.
2025-12-14 07:00:27 [INFO] All systems operational.
2025-12-14 07:30:43 [INFO] User 'xavier_murphy' logged in from 172.70.6.115.
2025-12-14 08:00:19 [DEBUG] Morning traffic ramping up.
2025-12-14 08:30:54 [INFO] Peak morning load handled smoothly.
2025-12-14 09:00:00 [DEBUG] Database query performance optimal.
2025-12-14 09:30:38 [INFO] User 'yolanda_harris' logged in from 10.200.18.72.
2025-12-14 10:00:21 [DEBUG] API response times averaging 65ms.
2025-12-14 10:30:47 [INFO] System performance excellent.
2025-12-14 11:00:13 [WARN] Minor network blip - 2 second outage.
2025-12-14 11:30:39 [DEBUG] Network fully recovered.
2025-12-14 12:00:00 [INFO] Midday checkpoint - all services green.
2025-12-14 12:30:28 [DEBUG] Load balancer health check passed.
2025-12-14 13:00:54 [INFO] User 'zack_robinson' logged in from 192.168.35.126.
2025-12-14 13:30:19 [DEBUG] User activity normal.
2025-12-14 14:00:45 [INFO] Afternoon operations stable.
2025-12-14 14:30:11 [DEBUG] Cache hit rate: 96.2%.
2025-12-14 15:00:37 [INFO] Application deployment scheduled for tonight.
2025-12-14 15:30:52 [DEBUG] Deployment plan reviewed.
2025-12-14 16:00:28 [WARN] Pre-deployment checklist: 1 item pending.
2025-12-14 16:30:44 [INFO] All deployment prerequisites met.
2025-12-14 17:00:19 [DEBUG] Deployment window confirmed: 22:00-23:00.
2025-12-14 17:30:55 [INFO] Teams notified of deployment.
2025-12-14 18:00:00 [INFO] Evening backup started.
2025-12-14 18:50:36 [INFO] Evening backup completed.
2025-12-14 19:30:22 [DEBUG] Pre-deployment snapshot created.
2025-12-14 20:00:48 [INFO] System ready for deployment.
2025-12-14 20:30:14 [DEBUG] Final checks in progress.
2025-12-14 21:00:00 [INFO] All checks passed.
2025-12-14 21:30:39 [DEBUG] Deployment team standing by.
2025-12-14 22:00:00 [INFO] DEPLOYMENT STARTED - Version 2.5.0.
2025-12-14 22:15:25 [DEBUG] Taking down node-1 for update.
2025-12-14 22:30:51 [INFO] Node-1 updated successfully.
2025-12-14 22:45:17 [DEBUG] Taking down node-2 for update.
2025-12-14 23:00:43 [INFO] Node-2 updated successfully.
2025-12-14 23:15:09 [DEBUG] Taking down node-3 for update.
2025-12-14 23:30:35 [INFO] Node-3 updated successfully.
2025-12-14 23:45:00 [INFO] DEPLOYMENT COMPLETED - All nodes on v2.5.0.

2025-12-15 00:00:00 [INFO] Post-deployment monitoring active.
2025-12-15 00:30:26 [DEBUG] Version 2.5.0 health checks passing.
2025-12-15 01:00:52 [INFO] No issues detected post-deployment.
2025-12-15 01:30:18 [DEBUG] Application stability confirmed.
2025-12-15 02:00:00 [INFO] Scheduled backup started.
2025-12-15 02:48:44 [INFO] Backup completed successfully (2.7 GB).
2025-12-15 03:30:00 [DEBUG] Deployment success metrics collected.
2025-12-15 04:00:29 [INFO] Zero critical errors post-deployment.
2025-12-15 04:30:55 [DEBUG] Performance metrics stable.
2025-12-15 05:00:21 [INFO] Deployment declared successful.
2025-12-15 05:30:47 [DEBUG] Rollback plan deactivated.
2025-12-15 06:00:00 [INFO] User 'admin' logged in from 192.168.1.100.
2025-12-15 06:30:36 [DEBUG] Reviewing deployment logs.
2025-12-15 07:00:52 [INFO] Deployment report generated.
2025-12-15 07:30:18 [INFO] User 'alice_kumar' logged in from 192.168.5.23.
2025-12-15 08:00:44 [DEBUG] Morning operations normal.
2025-12-15 08:30:19 [INFO] User 'bob_schmidt' logged in from 10.220.9.88.
2025-12-15 09:00:00 [DEBUG] API endpoints responding optimally.
2025-12-15 09:30:45 [INFO] Traffic patterns normal for Monday morning.
2025-12-15 10:00:21 [DEBUG] Database performance excellent.
2025-12-15 10:30:57 [INFO] New features in v2.5.0 being adopted.
2025-12-15 11:00:33 [DEBUG] Feature flag 'enhanced_search' enabled.
2025-12-15 11:30:49 [INFO] User 'carol_jones' logged in from 172.80.12.99.
2025-12-15 12:00:00 [INFO] Lunch hour traffic peak handled well.
2025-12-15 12:30:28 [DEBUG] Auto-scaling working as expected.
2025-12-15 13:00:54 [WARN] Third-party service latency detected (950ms).
2025-12-15 13:30:20 [DEBUG] Monitoring third-party service.
2025-12-15 14:00:46 [INFO] Third-party service performance restored.
2025-12-15 14:30:12 [INFO] User 'dan_peterson' logged in from 10.250.15.101.
2025-12-15 15:00:38 [DEBUG] Afternoon operations smooth.
2025-12-15 15:30:53 [INFO] Customer satisfaction metrics positive.
2025-12-15 16:00:29 [DEBUG] Response time SLA: 99.8% compliance.
2025-12-15 16:30:55 [INFO] Team retrospective scheduled.
2025-12-15 17:00:21 [DEBUG] Week summary being prepared.
2025-12-15 17:30:47 [INFO] User 'eve_thompson' logged in from 192.168.40.142.
2025-12-15 18:00:00 [INFO] Evening backup initiated.
2025-12-15 18:52:33 [INFO] Evening backup completed (580 MB).
2025-12-15 19:30:19 [DEBUG] System health excellent.
2025-12-15 20:00:45 [INFO] Evening operations winding down.
2025-12-15 20:30:11 [DEBUG] Preparing for overnight processing.
2025-12-15 21:00:37 [INFO] User 'fred_walker' logged in from 172.90.8.77.
2025-12-15 21:30:52 [DEBUG] Late evening traffic minimal.
2025-12-15 22:00:00 [INFO] Night monitoring activated.
2025-12-15 22:30:38 [DEBUG] All systems green.
2025-12-15 23:00:54 [INFO] Daily summary: 18,945 transactions processed.
2025-12-15 23:30:20 [DEBUG] End of day metrics logged.
2025-12-15 23:45:46 [INFO] System status: HEALTHY - uptime 99.97%.
end
